QR_Quest/app/build/intermediates/manifest_merge_blame_file/debug/manifest-merger-blame-debug-report.txt
1<?xml version="1.0" encoding="utf-8"?>
2<manifest xmlns:android="http://schemas.android.com/apk/res/android"
3    package="com.example.qr_quest"
4    android:versionCode="1"
5    android:versionName="1.0" >
6
7    <uses-sdk
8        android:minSdkVersion="24"
8-->src\main\AndroidManifest.xml
9        android:targetSdkVersion="33" />
9-->src\main\AndroidManifest.xml
10
11    <uses-feature android:name="android.hardware.camera.any" />
11-->src\main\AndroidManifest.xml:5:5-64
11-->src\main\AndroidManifest.xml:5:19-61
12
13    <uses-permission android:name="android.permission.CAMERA" />
13-->src\main\AndroidManifest.xml:7:5-65
13-->src\main\AndroidManifest.xml:7:22-62
14    <uses-permission android:name="android.permission.ACCESS_FINE_LOCATION" />
14-->src\main\AndroidManifest.xml:8:5-79
14-->src\main\AndroidManifest.xml:8:22-76
15    <uses-permission android:name="android.permission.ACCESS_COARSE_LOCATION" />
15-->src\main\AndroidManifest.xml:9:5-80
15-->src\main\AndroidManifest.xml:9:22-78
16
17    <!-- Include required permissions for Google Maps API to run. -->
18    <uses-permission android:name="android.permission.ACCESS_NETWORK_STATE" />
18-->[com.google.android.gms:play-services-maps:18.1.0] AndroidManifest.xml:23:5-79
18-->[com.google.android.gms:play-services-maps:18.1.0] AndroidManifest.xml:23:22-76
19    <uses-permission android:name="android.permission.INTERNET" />
19-->[com.google.android.gms:play-services-maps:18.1.0] AndroidManifest.xml:24:5-67
19-->[com.google.android.gms:play-services-maps:18.1.0] AndroidManifest.xml:24:22-64
20
21    <uses-feature
21-->[com.google.android.gms:play-services-maps:18.1.0] AndroidManifest.xml:26:5-28:35
22        android:glEsVersion="0x00020000"
22-->[com.google.android.gms:play-services-maps:18.1.0] AndroidManifest.xml:27:9-41
23        android:required="true" />
23-->[com.google.android.gms:play-services-maps:18.1.0] AndroidManifest.xml:28:9-32
24
25    <queries>
25-->[com.google.android.gms:play-services-maps:18.1.0] AndroidManifest.xml:30:5-34:15
26
27        <!-- Needs to be explicitly declared on Android R+ -->
28        <package android:name="com.google.android.apps.maps" />
28-->[com.google.android.gms:play-services-maps:18.1.0] AndroidManifest.xml:33:9-64
28-->[com.google.android.gms:play-services-maps:18.1.0] AndroidManifest.xml:33:18-61
29    </queries>
30
31    <application
31-->src\main\AndroidManifest.xml:11:5-78:19
32        android:allowBackup="true"
32-->src\main\AndroidManifest.xml:12:9-35
33        android:appComponentFactory="androidx.core.app.CoreComponentFactory"
33-->[androidx.core:core:1.8.0] AndroidManifest.xml:24:18-86
34        android:dataExtractionRules="@xml/data_extraction_rules"
34-->src\main\AndroidManifest.xml:13:9-65
35        android:debuggable="true"
36        android:extractNativeLibs="false"
37        android:fullBackupContent="@xml/backup_rules"
37-->src\main\AndroidManifest.xml:14:9-54
38        android:icon="@mipmap/ic_launcher"
38-->src\main\AndroidManifest.xml:15:9-43
39        android:label="QR_Quest"
39-->src\main\AndroidManifest.xml:16:9-33
40        android:supportsRtl="true"
40-->src\main\AndroidManifest.xml:17:9-35
41        android:theme="@style/Theme.ProjectQR" >
41-->src\main\AndroidManifest.xml:18:9-47
42        <activity
42-->src\main\AndroidManifest.xml:21:9-29:20
43            android:name="com.example.qr_quest.MainActivity"
43-->src\main\AndroidManifest.xml:22:13-41
44            android:exported="true" >
44-->src\main\AndroidManifest.xml:23:13-36
45            <intent-filter>
45-->src\main\AndroidManifest.xml:24:13-28:29
46                <action android:name="android.intent.action.MAIN" />
46-->src\main\AndroidManifest.xml:25:17-69
46-->src\main\AndroidManifest.xml:25:25-66
47
48                <category android:name="android.intent.category.LAUNCHER" />
48-->src\main\AndroidManifest.xml:27:17-77
48-->src\main\AndroidManifest.xml:27:27-74
49            </intent-filter>
50        </activity>
51        <activity
51-->src\main\AndroidManifest.xml:31:9-39:20
52            android:name="com.example.qr_quest.GetGeoLocation"
52-->src\main\AndroidManifest.xml:32:13-43
53            android:exported="true" >
53-->src\main\AndroidManifest.xml:33:13-36
54            <intent-filter>
54-->src\main\AndroidManifest.xml:24:13-28:29
55                <action android:name="android.intent.action.MAIN" />
55-->src\main\AndroidManifest.xml:25:17-69
55-->src\main\AndroidManifest.xml:25:25-66
56
57                <category android:name="android.intent.category.LAUNCHER" />
57-->src\main\AndroidManifest.xml:27:17-77
57-->src\main\AndroidManifest.xml:27:27-74
58            </intent-filter>
59        </activity>
60        <activity
60-->src\main\AndroidManifest.xml:41:9-49:20
61            android:name="com.example.qr_quest.AddPhoto"
61-->src\main\AndroidManifest.xml:42:13-37
62            android:exported="true" >
62-->src\main\AndroidManifest.xml:43:13-36
63            <intent-filter>
63-->src\main\AndroidManifest.xml:24:13-28:29
64                <action android:name="android.intent.action.MAIN" />
64-->src\main\AndroidManifest.xml:25:17-69
64-->src\main\AndroidManifest.xml:25:25-66
65
66                <category android:name="android.intent.category.LAUNCHER" />
66-->src\main\AndroidManifest.xml:27:17-77
66-->src\main\AndroidManifest.xml:27:27-74
67            </intent-filter>
68        </activity>
69
70        <!--
71             TODO: Before you run your application, you need a Google Maps API key.
72
73             To get one, follow the directions here:
74
75                https://developers.google.com/maps/documentation/android-sdk/get-api-key
76
77             Once you have your API key (it starts with "AIza"), define a new property in your
78             project's local.properties file (e.g. MAPS_API_KEY=Aiza...), and replace the
79             "YOUR_API_KEY" string in this file with "${MAPS_API_KEY}".
80        -->
81        <meta-data
81-->src\main\AndroidManifest.xml:62:9-64:44
82            android:name="com.google.android.geo.API_KEY"
82-->src\main\AndroidManifest.xml:63:13-58
83            android:value="YOUR_API_KEY" />
83-->src\main\AndroidManifest.xml:64:13-41
84
85        <activity
85-->src\main\AndroidManifest.xml:66:9-68:40
86            android:name="com.example.qr_quest.home"
86-->src\main\AndroidManifest.xml:67:13-33
87            android:exported="false" />
87-->src\main\AndroidManifest.xml:68:13-37
88        <activity
88-->src\main\AndroidManifest.xml:69:9-77:20
89            android:name="com.example.qr_quest.MainActivity_Shadab"
89-->src\main\AndroidManifest.xml:70:13-48
90            android:exported="true" >
90-->src\main\AndroidManifest.xml:71:13-36
91            <intent-filter>
91-->src\main\AndroidManifest.xml:24:13-28:29
92                <action android:name="android.intent.action.MAIN" />
92-->src\main\AndroidManifest.xml:25:17-69
92-->src\main\AndroidManifest.xml:25:25-66
93
94                <category android:name="android.intent.category.LAUNCHER" />
94-->src\main\AndroidManifest.xml:27:17-77
94-->src\main\AndroidManifest.xml:27:27-74
95            </intent-filter>
96        </activity>
97        <!-- Needs to be explicitly declared on P+ -->
98        <uses-library
98-->[com.google.android.gms:play-services-maps:18.1.0] AndroidManifest.xml:39:9-41:40
99            android:name="org.apache.http.legacy"
99-->[com.google.android.gms:play-services-maps:18.1.0] AndroidManifest.xml:40:13-50
100            android:required="false" />
100-->[com.google.android.gms:play-services-maps:18.1.0] AndroidManifest.xml:41:13-37
101
102        <service
102-->[com.google.firebase:firebase-firestore:24.4.2] AndroidManifest.xml:16:9-22:19
103            android:name="com.google.firebase.components.ComponentDiscoveryService"
103-->[com.google.firebase:firebase-firestore:24.4.2] AndroidManifest.xml:17:13-84
104            android:directBootAware="true"
104-->[com.google.firebase:firebase-common:20.3.0] AndroidManifest.xml:34:13-43
105            android:exported="false" >
105-->[com.google.firebase:firebase-firestore:24.4.2] AndroidManifest.xml:18:13-37
106            <meta-data
106-->[com.google.firebase:firebase-firestore:24.4.2] AndroidManifest.xml:19:13-21:85
107                android:name="com.google.firebase.components:com.google.firebase.firestore.FirestoreRegistrar"
107-->[com.google.firebase:firebase-firestore:24.4.2] AndroidManifest.xml:20:17-111
108                android:value="com.google.firebase.components.ComponentRegistrar" />
108-->[com.google.firebase:firebase-firestore:24.4.2] AndroidManifest.xml:21:17-82
109        </service>
110
111        <activity
111-->[com.google.android.gms:play-services-base:18.1.0] AndroidManifest.xml:20:9-22:45
112            android:name="com.google.android.gms.common.api.GoogleApiActivity"
112-->[com.google.android.gms:play-services-base:18.1.0] AndroidManifest.xml:20:19-85
113            android:exported="false"
113-->[com.google.android.gms:play-services-base:18.1.0] AndroidManifest.xml:22:19-43
114            android:theme="@android:style/Theme.Translucent.NoTitleBar" />
114-->[com.google.android.gms:play-services-base:18.1.0] AndroidManifest.xml:21:19-78
115
116        <provider
116-->[com.google.firebase:firebase-common:20.3.0] AndroidManifest.xml:25:9-30:39
117            android:name="com.google.firebase.provider.FirebaseInitProvider"
117-->[com.google.firebase:firebase-common:20.3.0] AndroidManifest.xml:26:13-77
118            android:authorities="com.example.qr_quest.firebaseinitprovider"
118-->[com.google.firebase:firebase-common:20.3.0] AndroidManifest.xml:27:13-72
119            android:directBootAware="true"
119-->[com.google.firebase:firebase-common:20.3.0] AndroidManifest.xml:28:13-43
120            android:exported="false"
120-->[com.google.firebase:firebase-common:20.3.0] AndroidManifest.xml:29:13-37
121            android:initOrder="100" />
121-->[com.google.firebase:firebase-common:20.3.0] AndroidManifest.xml:30:13-36
122
123        <meta-data
123-->[com.google.android.gms:play-services-basement:18.1.0] AndroidManifest.xml:21:9-23:69
124            android:name="com.google.android.gms.version"
124-->[com.google.android.gms:play-services-basement:18.1.0] AndroidManifest.xml:22:13-58
125            android:value="@integer/google_play_services_version" />
125-->[com.google.android.gms:play-services-basement:18.1.0] AndroidManifest.xml:23:13-66
126    </application>
127
128</manifest>